<?xml version="1.0" encoding="UTF-8"?>
<testng-results skipped="0" failed="2" ignored="4" total="8" passed="2">
  <reporter-output>
    <line>
      <![CDATA[<a href='file:///C:\Users\Abhishek\Desktop\AOC\Sample_Framework-master\test-output\html\Screenshots/18_Apr_2017__03_54_59PM.png'> <img src='file:///C:\Users\Abhishek\Desktop\AOC\Sample_Framework-master\test-output\html\Screenshots/18_Apr_2017__03_54_59PM.png' hight='550' width='649'/> </a>]]>
    </line>
    <line>
      <![CDATA[<a href='file:///C:\Users\Abhishek\Desktop\AOC\Sample_Framework-master\test-output\html\Screenshots/18_Apr_2017__03_54_59PM.png'> <img src='file:///C:\Users\Abhishek\Desktop\AOC\Sample_Framework-master\test-output\html\Screenshots/18_Apr_2017__03_54_59PM.png' hight='550' width='649'/> </a>]]>
    </line>
  </reporter-output>
  <suite name="MainSuite" duration-ms="4582" started-at="2017-04-18T10:24:55Z" finished-at="2017-04-18T10:24:59Z">
    <groups>
    </groups>
    <test name="Chrome Test" duration-ms="4582" started-at="2017-04-18T10:24:55Z" finished-at="2017-04-18T10:24:59Z">
      <class name="sample.test.LoginTest">
        <test-method status="FAIL" signature="loginTest(java.lang.String, java.lang.String, java.lang.String, int)[pri:0, instance:sample.test.LoginTest@ed9d034]" name="loginTest" duration-ms="2" started-at="2017-04-18T15:54:59Z" description="loginTest" data-provider="login" finished-at="2017-04-18T15:54:59Z">
          <params>
            <param index="0">
              <value>
                <![CDATA[http://apdvadc283.na.averydennison.net/AveryDennison/#]]>
              </value>
            </param>
            <param index="1">
              <value>
                <![CDATA[sd]]>
              </value>
            </param>
            <param index="2">
              <value>
                <![CDATA[sd]]>
              </value>
            </param>
            <param index="3">
              <value>
                <![CDATA[0]]>
              </value>
            </param>
          </params>
          <exception class="java.lang.NullPointerException">
            <full-stacktrace>
              <![CDATA[java.lang.NullPointerException
	at sample.helper.Base.openUrl(Base.java:41)
	at sample.test.LoginTest.loginTest(LoginTest.java:22)
	at sun.reflect.NativeMethodAccessorImpl.invoke0(Native Method)
	at sun.reflect.NativeMethodAccessorImpl.invoke(NativeMethodAccessorImpl.java:62)
	at sun.reflect.DelegatingMethodAccessorImpl.invoke(DelegatingMethodAccessorImpl.java:43)
	at java.lang.reflect.Method.invoke(Method.java:498)
	at org.testng.internal.MethodInvocationHelper.invokeMethod(MethodInvocationHelper.java:108)
	at org.testng.internal.Invoker.invokeMethod(Invoker.java:661)
	at org.testng.internal.Invoker.invokeTestMethod(Invoker.java:869)
	at org.testng.internal.Invoker.invokeTestMethods(Invoker.java:1193)
	at org.testng.internal.TestMethodWorker.invokeTestMethods(TestMethodWorker.java:126)
	at org.testng.internal.TestMethodWorker.run(TestMethodWorker.java:109)
	at org.testng.TestRunner.privateRun(TestRunner.java:744)
	at org.testng.TestRunner.run(TestRunner.java:602)
	at org.testng.SuiteRunner.runTest(SuiteRunner.java:380)
	at org.testng.SuiteRunner.access$000(SuiteRunner.java:39)
	at org.testng.SuiteRunner$SuiteWorker.run(SuiteRunner.java:414)
	at org.testng.internal.thread.ThreadUtil$1.call(ThreadUtil.java:52)
	at java.util.concurrent.FutureTask.run(FutureTask.java:266)
	at java.util.concurrent.ThreadPoolExecutor.runWorker(ThreadPoolExecutor.java:1142)
	at java.util.concurrent.ThreadPoolExecutor$Worker.run(ThreadPoolExecutor.java:617)
	at java.lang.Thread.run(Thread.java:745)
]]>
            </full-stacktrace>
          </exception> <!-- java.lang.NullPointerException -->
          <reporter-output>
            <line>
              <![CDATA[<a href='file:///C:\Users\Abhishek\Desktop\AOC\Sample_Framework-master\test-output\html\Screenshots/18_Apr_2017__03_54_59PM.png'> <img src='file:///C:\Users\Abhishek\Desktop\AOC\Sample_Framework-master\test-output\html\Screenshots/18_Apr_2017__03_54_59PM.png' hight='550' width='649'/> </a>]]>
            </line>
          </reporter-output>
        </test-method> <!-- loginTest -->
        <test-method status="FAIL" signature="loginTest(java.lang.String, java.lang.String, java.lang.String, int)[pri:0, instance:sample.test.LoginTest@ed9d034]" name="loginTest" duration-ms="1" started-at="2017-04-18T15:54:59Z" description="loginTest" data-provider="login" finished-at="2017-04-18T15:54:59Z">
          <params>
            <param index="0">
              <value>
                <![CDATA[http://apdvadc283.na.averydennison.net/AveryDennison/#]]>
              </value>
            </param>
            <param index="1">
              <value>
                <![CDATA[admin@averydennison.com]]>
              </value>
            </param>
            <param index="2">
              <value>
                <![CDATA[p@ssw0rd@123]]>
              </value>
            </param>
            <param index="3">
              <value>
                <![CDATA[2]]>
              </value>
            </param>
          </params>
          <exception class="java.lang.NullPointerException">
            <full-stacktrace>
              <![CDATA[java.lang.NullPointerException
	at sample.helper.Base.openUrl(Base.java:41)
	at sample.test.LoginTest.loginTest(LoginTest.java:22)
	at sun.reflect.NativeMethodAccessorImpl.invoke0(Native Method)
	at sun.reflect.NativeMethodAccessorImpl.invoke(NativeMethodAccessorImpl.java:62)
	at sun.reflect.DelegatingMethodAccessorImpl.invoke(DelegatingMethodAccessorImpl.java:43)
	at java.lang.reflect.Method.invoke(Method.java:498)
	at org.testng.internal.MethodInvocationHelper.invokeMethod(MethodInvocationHelper.java:108)
	at org.testng.internal.Invoker.invokeMethod(Invoker.java:661)
	at org.testng.internal.Invoker.invokeTestMethod(Invoker.java:869)
	at org.testng.internal.Invoker.invokeTestMethods(Invoker.java:1193)
	at org.testng.internal.TestMethodWorker.invokeTestMethods(TestMethodWorker.java:126)
	at org.testng.internal.TestMethodWorker.run(TestMethodWorker.java:109)
	at org.testng.TestRunner.privateRun(TestRunner.java:744)
	at org.testng.TestRunner.run(TestRunner.java:602)
	at org.testng.SuiteRunner.runTest(SuiteRunner.java:380)
	at org.testng.SuiteRunner.access$000(SuiteRunner.java:39)
	at org.testng.SuiteRunner$SuiteWorker.run(SuiteRunner.java:414)
	at org.testng.internal.thread.ThreadUtil$1.call(ThreadUtil.java:52)
	at java.util.concurrent.FutureTask.run(FutureTask.java:266)
	at java.util.concurrent.ThreadPoolExecutor.runWorker(ThreadPoolExecutor.java:1142)
	at java.util.concurrent.ThreadPoolExecutor$Worker.run(ThreadPoolExecutor.java:617)
	at java.lang.Thread.run(Thread.java:745)
]]>
            </full-stacktrace>
          </exception> <!-- java.lang.NullPointerException -->
          <reporter-output>
            <line>
              <![CDATA[<a href='file:///C:\Users\Abhishek\Desktop\AOC\Sample_Framework-master\test-output\html\Screenshots/18_Apr_2017__03_54_59PM.png'> <img src='file:///C:\Users\Abhishek\Desktop\AOC\Sample_Framework-master\test-output\html\Screenshots/18_Apr_2017__03_54_59PM.png' hight='550' width='649'/> </a>]]>
            </line>
          </reporter-output>
        </test-method> <!-- loginTest -->
      </class> <!-- sample.test.LoginTest -->
      <class name="sample.test.BookingTest">
        <test-method status="PASS" signature="setup()[pri:0, instance:sample.test.BookingTest@4d3167f4]" name="setup" is-config="true" duration-ms="0" started-at="2017-04-18T15:54:55Z" finished-at="2017-04-18T15:54:55Z">
          <reporter-output>
          </reporter-output>
        </test-method> <!-- setup -->
        <test-method status="PASS" signature="browserSetup(java.lang.String)[pri:0, instance:sample.test.BookingTest@4d3167f4]" name="browserSetup" is-config="true" duration-ms="4283" started-at="2017-04-18T15:54:55Z" finished-at="2017-04-18T15:54:59Z">
          <params>
            <param index="0">
              <value>
                <![CDATA[chrome]]>
              </value>
            </param>
          </params>
          <reporter-output>
          </reporter-output>
        </test-method> <!-- browserSetup -->
        <test-method status="PASS" signature="bookOrder(java.lang.String)[pri:0, instance:sample.test.BookingTest@4d3167f4]" name="bookOrder" duration-ms="7" started-at="2017-04-18T15:54:59Z" finished-at="2017-04-18T15:54:59Z">
          <params>
            <param index="0">
              <value>
                <![CDATA[chrome]]>
              </value>
            </param>
          </params>
          <reporter-output>
          </reporter-output>
        </test-method> <!-- bookOrder -->
        <test-method status="PASS" signature="checkWebOrderTest(java.lang.String)[pri:0, instance:sample.test.BookingTest@4d3167f4]" name="checkWebOrderTest" duration-ms="2" started-at="2017-04-18T15:54:59Z" finished-at="2017-04-18T15:54:59Z">
          <params>
            <param index="0">
              <value>
                <![CDATA[chrome]]>
              </value>
            </param>
          </params>
          <reporter-output>
          </reporter-output>
        </test-method> <!-- checkWebOrderTest -->
        <test-method status="PASS" signature="driverClose()[pri:0, instance:sample.test.BookingTest@4d3167f4]" name="driverClose" is-config="true" duration-ms="40" started-at="2017-04-18T15:54:59Z" finished-at="2017-04-18T15:54:59Z">
          <reporter-output>
          </reporter-output>
        </test-method> <!-- driverClose -->
        <test-method status="PASS" signature="sendMail()[pri:0, instance:sample.test.BookingTest@4d3167f4]" name="sendMail" is-config="true" duration-ms="152" started-at="2017-04-18T15:54:59Z" finished-at="2017-04-18T15:54:59Z">
          <reporter-output>
          </reporter-output>
        </test-method> <!-- sendMail -->
      </class> <!-- sample.test.BookingTest -->
    </test> <!-- Chrome Test -->
  </suite> <!-- MainSuite -->
</testng-results>
