<?xml version="1.0" encoding="UTF-8"?>
<!-- Generated by org.testng.reporters.JUnitXMLReporter -->
<testsuite hostname="ADLP090_abhishek" name="Firefox Test" tests="3" failures="0" timestamp="13 Apr 2017 14:02:16 GMT" time="0.08" errors="0">
  <testcase name="@BeforeTest browserSetup" time="0.0" classname="sample.test.BookingTest">
    <failure type="java.io.FileNotFoundException" message="E:\Projects\Sample_Framework\Data\SampleTest.xls (The system cannot find the path specified)">
      <![CDATA[java.io.FileNotFoundException: E:\Projects\Sample_Framework\Data\SampleTest.xls (The system cannot find the path specified)
	at java.io.FileInputStream.open0(Native Method)
	at java.io.FileInputStream.open(FileInputStream.java:195)
	at java.io.FileInputStream.<init>(FileInputStream.java:138)
	at java.io.FileInputStream.<init>(FileInputStream.java:93)
	at sample.helper.ExcelReader.testDataFile(ExcelReader.java:30)
	at sample.helper.Browser.browserSetup(Browser.java:78)
	at sun.reflect.NativeMethodAccessorImpl.invoke0(Native Method)
	at sun.reflect.NativeMethodAccessorImpl.invoke(NativeMethodAccessorImpl.java:62)
	at sun.reflect.DelegatingMethodAccessorImpl.invoke(DelegatingMethodAccessorImpl.java:43)
	at java.lang.reflect.Method.invoke(Method.java:498)
	at org.testng.internal.MethodInvocationHelper.invokeMethod(MethodInvocationHelper.java:86)
	at org.testng.internal.Invoker.invokeConfigurationMethod(Invoker.java:514)
	at org.testng.internal.Invoker.invokeConfigurations(Invoker.java:215)
	at org.testng.internal.Invoker.invokeConfigurations(Invoker.java:142)
	at org.testng.TestRunner.beforeRun(TestRunner.java:656)
	at org.testng.TestRunner.run(TestRunner.java:624)
	at org.testng.SuiteRunner.runTest(SuiteRunner.java:366)
	at org.testng.SuiteRunner.access$000(SuiteRunner.java:39)
	at org.testng.SuiteRunner$SuiteWorker.run(SuiteRunner.java:400)
	at org.testng.internal.thread.ThreadUtil$2.call(ThreadUtil.java:64)
	at java.util.concurrent.FutureTask.run(FutureTask.java:266)
	at java.util.concurrent.ThreadPoolExecutor.runWorker(ThreadPoolExecutor.java:1142)
	at java.util.concurrent.ThreadPoolExecutor$Worker.run(ThreadPoolExecutor.java:617)
	at java.lang.Thread.run(Thread.java:745)
]]>
    </failure>
  </testcase> <!-- @BeforeTest browserSetup -->
  <testcase name="bookOrder" time="0.002" classname="sample.test.BookingTest">
    <skipped/>
  </testcase> <!-- bookOrder -->
  <testcase name="checkWebOrderTest" time="0.003" classname="sample.test.BookingTest">
    <skipped/>
  </testcase> <!-- checkWebOrderTest -->
  <testcase name="loginTest" time="0.0" classname="sample.test.LoginTest">
    <skipped/>
  </testcase> <!-- loginTest -->
</testsuite> <!-- Firefox Test -->
